<?xml version="1.0" encoding="UTF-8"?>
<!-- Generated by org.testng.reporters.JUnitReportReporter -->
<testsuite hostname="DESKTOP-TEC4S26" failures="0" tests="2" name="com.testngAnnotation.TestNgAnnotation" time="0.014" errors="0" timestamp="2024-02-08T14:41:24 IST" skipped="0">
  <testcase classname="com.testngAnnotation.TestNgAnnotation" name="applicationLaunch" time="0.012"/>
  <system-out/>
  <testcase classname="com.testngAnnotation.TestNgAnnotation" name="ComposeMailTest" time="0.002"/>
  <system-out/>
</testsuite> <!-- com.testngAnnotation.TestNgAnnotation -->
