<?xml version="1.0" encoding="UTF-8"?>
<!-- Generated by org.testng.reporters.JUnitReportReporter -->
<testsuite hostname="DESKTOP-TEC4S26" failures="0" tests="2" name="com.OHRM_EmployeeList.OHRM_EmployeeeListData_ExportExcelFile" time="17.706" errors="0" timestamp="2024-02-15T19:44:37 IST" skipped="0">
  <testcase classname="com.OHRM_EmployeeList.OHRM_EmployeeeListData_ExportExcelFile" name="logInDetails" time="3.333"/>
  <system-out/>
  <testcase classname="com.OHRM_EmployeeList.OHRM_EmployeeeListData_ExportExcelFile" name="employeeList" time="14.373"/>
  <system-out/>
</testsuite> <!-- com.OHRM_EmployeeList.OHRM_EmployeeeListData_ExportExcelFile -->
