<?xml version="1.0" encoding="UTF-8"?>
<!-- Generated by org.testng.reporters.JUnitReportReporter -->
<testsuite hostname="DESKTOP-TEC4S26" failures="0" tests="1" name="com.WebTable.WorldClockSingleData" time="3.920" errors="0" timestamp="2024-02-09T17:27:07 IST" skipped="0">
  <testcase classname="com.WebTable.WorldClockSingleData" name="singleData" time="3.920"/>
  <system-out/>
</testsuite> <!-- com.WebTable.WorldClockSingleData -->
