<?xml version="1.0" encoding="UTF-8"?>
<!-- Generated by org.testng.reporters.JUnitReportReporter -->
<testsuite hostname="DESKTOP-TEC4S26" failures="0" tests="1" name="com.WebTable.WebTable_FirstRow_FirstRowOfCell_GetCityName" time="0.067" errors="0" timestamp="2024-02-08T14:45:03 IST" skipped="0">
  <testcase classname="com.WebTable.WebTable_FirstRow_FirstRowOfCell_GetCityName" name="webTable_getCityName" time="0.067"/>
  <system-out/>
</testsuite> <!-- com.WebTable.WebTable_FirstRow_FirstRowOfCell_GetCityName -->
