<?xml version="1.0" encoding="UTF-8"?>
<!-- Generated by org.testng.reporters.JUnitReportReporter -->
<testsuite hostname="DESKTOP-TEC4S26" failures="0" tests="2" name="com.OHRM_EmployeeList.OHRM_EmployeeList" time="12.619" errors="0" timestamp="2024-02-10T12:18:07 IST" skipped="0">
  <testcase classname="com.OHRM_EmployeeList.OHRM_EmployeeList" name="logInDetails" time="3.139"/>
  <system-out/>
  <testcase classname="com.OHRM_EmployeeList.OHRM_EmployeeList" name="employeeList" time="9.480"/>
  <system-out/>
</testsuite> <!-- com.OHRM_EmployeeList.OHRM_EmployeeList -->
