<?xml version="1.0" encoding="UTF-8"?>
<!-- Generated by org.testng.reporters.JUnitReportReporter -->
<testsuite hostname="DESKTOP-TEC4S26" failures="0" tests="1" name="com.WebTable.Basetest" time="6.630" errors="0" timestamp="2024-02-08T14:42:48 IST" skipped="0">
  <testcase classname="com.WebTable.Basetest" name="setUp" time="6.630"/>
  <system-out/>
</testsuite> <!-- com.WebTable.Basetest -->
