<?xml version="1.0" encoding="UTF-8"?>
<!-- Generated by org.testng.reporters.JUnitReportReporter -->
<testsuite hostname="DESKTOP-TEC4S26" failures="0" tests="1" name="com.WebTable.CompleteWebTableData" time="8.457" errors="0" timestamp="2024-02-09T16:56:52 IST" skipped="0">
  <testcase classname="com.WebTable.CompleteWebTableData" name="completeWebTableData" time="8.457"/>
  <system-out/>
</testsuite> <!-- com.WebTable.CompleteWebTableData -->
