<?xml version="1.0" encoding="UTF-8"?>
<!-- Generated by org.testng.reporters.JUnitReportReporter -->
<testsuite hostname="DESKTOP-TEC4S26" failures="0" tests="1" name="com.WebTable.WebTable_FirstColumn_GetCityNames" time="4.466" errors="0" timestamp="2024-02-10T12:30:33 IST" skipped="0">
  <testcase classname="com.WebTable.WebTable_FirstColumn_GetCityNames" name="firstColumn_GettingCityNames" time="4.466"/>
  <system-out/>
</testsuite> <!-- com.WebTable.WebTable_FirstColumn_GetCityNames -->
